Using pre-set license
Built from '2020.3/china_unity/release' branch; Version is '2020.3.12f1c1 (5887f62ce680) revision 5801974'; Using compiler version '192528614'; Build Type 'Release'
OS: 'Windows 10 Pro; OS build 18363.1556; Version 1909; 64bit' Language: 'zh' Physical Memory: 16251 MB
BatchMode: 1, IsHumanControllingUs: 0, StartBugReporterOnCrash: 0, Is64bit: 1, IsPro: 0

 COMMAND LINE ARGUMENTS:
G:\Unity Editor\2020.3.12f1c1\Editor\Unity.exe
-adb2
-batchMode
-noUpm
-name
AssetImportWorker0
-projectPath
G:/Documents/GitHub/My-Assets/TheMatrix
-logFile
Logs/AssetImportWorker0.log
-srvPort
52990
Successfully changed project path to: G:/Documents/GitHub/My-Assets/TheMatrix
G:/Documents/GitHub/My-Assets/TheMatrix
Using Asset Import Pipeline V2.
Refreshing native plugins compatible for Editor in 45.02 ms, found 2 plugins.
Preloading 0 native plugins for Editor in 0.00 ms.
Initialize engine version: 2020.3.12f1c1 (5887f62ce680)
[Subsystems] Discovering subsystems at path G:/Unity Editor/2020.3.12f1c1/Editor/Data/Resources/UnitySubsystems
[Subsystems] Discovering subsystems at path G:/Documents/GitHub/My-Assets/TheMatrix/Assets
GfxDevice: creating device client; threaded=0
Direct3D:
    Version:  Direct3D 11.0 [level 11.1]
    Renderer: NVIDIA GeForce GTX 1650 Ti (ID=0x1f95)
    Vendor:   
    VRAM:     3962 MB
    Driver:   27.21.14.5707
Initialize mono
Mono path[0] = 'G:/Unity Editor/2020.3.12f1c1/Editor/Data/Managed'
Mono path[1] = 'G:/Unity Editor/2020.3.12f1c1/Editor/Data/MonoBleedingEdge/lib/mono/unityjit'
Mono config path = 'G:/Unity Editor/2020.3.12f1c1/Editor/Data/MonoBleedingEdge/etc'
Using monoOptions --debugger-agent=transport=dt_socket,embedding=1,server=y,suspend=n,address=127.0.0.1:56108
Begin MonoManager ReloadAssembly
Registering precompiled unity dll's ...
Register platform support module: G:/Unity Editor/2020.3.12f1c1/Editor/Data/PlaybackEngines/WindowsStandaloneSupport/UnityEditor.WindowsStandalone.Extensions.dll
Registered in 0.001264 seconds.
Native extension for WindowsStandalone target not found
Refreshing native plugins compatible for Editor in 32.59 ms, found 2 plugins.
Preloading 0 native plugins for Editor in 0.00 ms.
Mono: successfully reloaded assembly
- Completed reload, in  1.330 seconds
Platform modules already initialized, skipping
Registering precompiled user dll's ...
Registered in 0.002997 seconds.
Begin MonoManager ReloadAssembly
Native extension for WindowsStandalone target not found
Refreshing native plugins compatible for Editor in 0.37 ms, found 2 plugins.
Preloading 0 native plugins for Editor in 0.00 ms.
<RI> Initialized touch support.
<RI> Initializing input.
<RI> Input initialized.
Mono: successfully reloaded assembly
- Completed reload, in  1.363 seconds
Platform modules already initialized, skipping
========================================================================
Worker process is ready to serve import requests
Launched and connected shader compiler UnityShaderCompiler.exe after 0.05 seconds
Refreshing native plugins compatible for Editor in 0.40 ms, found 2 plugins.
Preloading 0 native plugins for Editor in 0.00 ms.
Unloading 1532 Unused Serialized files (Serialized files now loaded: 0)
System memory in use before: 71.9 MB.
System memory in use after: 71.8 MB.

Unloading 20 unused Assets to reduce memory usage. Loaded Objects now: 1972.
Total: 3.904800 ms (FindLiveObjects: 0.203800 ms CreateObjectMapping: 0.078300 ms MarkObjects: 3.509000 ms  DeleteObjects: 0.112000 ms)

AssetImportParameters requested are different than current active one (requested -> active):
  custom:framework-win-MediaFoundation: 216162199b28c13a410421893ffa2e32 -> 
  custom:video-decoder-ogg-theora: a1e56fd34408186e4bbccfd4996cb3dc -> 
  custom:container-muxer-webm: aa71ff27fc2769a1b78a27578f13a17b -> 
  custom:container-demuxer-webm: 4f35f7cbe854078d1ac9338744f61a02 -> 
  custom:container-demuxer-ogg: 62fdf1f143b41e24485cea50d1cbac27 -> 
  custom:video-encoder-webm-vp8: eb34c28f22e8b96e1ab97ce403110664 -> 
  custom:video-codec-MediaFoundation-h265: 746d11721c4dcdbdad8f713fa42b33f4 -> 
  custom:video-decoder-webm-vp8: 9c59270c3fd7afecdb556c50c9e8de78 -> 
  custom:audio-decoder-ogg-vorbis: bf7c407c2cedff20999df2af8eb42d56 -> 
  custom:audio-encoder-webm-vorbis: bf7c407c2cedff20999df2af8eb42d56 -> 
========================================================================
Received Import Request.
  path: Assets/Editor Default Resources/RequirementsManagerData.asset
  artifactKey: Guid(f3eb4114c308ec048a74d299d63e703c) Importer(815301076,1909f56bfc062723c751e8b465ee728b)
Start importing Assets/Editor Default Resources/RequirementsManagerData.asset using Guid(f3eb4114c308ec048a74d299d63e703c) Importer(815301076,1909f56bfc062723c751e8b465ee728b)  -> (artifact id: '83cfe6cba8a8cd5bdb744816c3215986') in 0.055008 seconds 
  Import took 0.058792 seconds .

========================================================================
Received Import Request.
  Time since last request: 0.795817 seconds.
  path: Assets/Editor Default Resources/Local
  artifactKey: Guid(0c6a9693d6050f942bc2ca76b906f959) Importer(815301076,1909f56bfc062723c751e8b465ee728b)
Start importing Assets/Editor Default Resources/Local using Guid(0c6a9693d6050f942bc2ca76b906f959) Importer(815301076,1909f56bfc062723c751e8b465ee728b)  -> (artifact id: '90d68b7d071d4593e39f971503377839') in 0.008554 seconds 
  Import took 0.012024 seconds .

========================================================================
Received Import Request.
  Time since last request: 409.337068 seconds.
  path: Assets/Editor Default Resources
  artifactKey: Guid(ce6feb46a0983224390af5304f4a314a) Importer(815301076,1909f56bfc062723c751e8b465ee728b)
Start importing Assets/Editor Default Resources using Guid(ce6feb46a0983224390af5304f4a314a) Importer(815301076,1909f56bfc062723c751e8b465ee728b)  -> (artifact id: '5aeaf4b44603a0628914591c4b9d61e1') in 0.010419 seconds 
  Import took 0.014761 seconds .

========================================================================
Received Import Request.
  Time since last request: 0.006662 seconds.
  path: Assets/Editor Default Resources
  artifactKey: Guid(ce6feb46a0983224390af5304f4a314a) Importer(815301076,1909f56bfc062723c751e8b465ee728b)
Start importing Assets/Editor Default Resources using Guid(ce6feb46a0983224390af5304f4a314a) Importer(815301076,1909f56bfc062723c751e8b465ee728b)  -> (artifact id: '5aeaf4b44603a0628914591c4b9d61e1') in 0.002631 seconds 
  Import took 0.006663 seconds .

========================================================================
Received Import Request.
  Time since last request: 9.995363 seconds.
  path: Assets/Editor Default Resources/TheMatrixEditorSetting.asset
  artifactKey: Guid(7e338378d39997344a5a2fa2e697705f) Importer(815301076,1909f56bfc062723c751e8b465ee728b)
Start importing Assets/Editor Default Resources/TheMatrixEditorSetting.asset using Guid(7e338378d39997344a5a2fa2e697705f) Importer(815301076,1909f56bfc062723c751e8b465ee728b)  -> (artifact id: '8e297c587d52e343649586ed00461207') in 0.010054 seconds 
  Import took 0.013337 seconds .

========================================================================
Received Prepare
Registering precompiled user dll's ...
Registered in 0.003583 seconds.
Begin MonoManager ReloadAssembly
Native extension for WindowsStandalone target not found
Refreshing native plugins compatible for Editor in 0.39 ms, found 2 plugins.
Preloading 0 native plugins for Editor in 0.00 ms.
Mono: successfully reloaded assembly
- Completed reload, in  1.265 seconds
Platform modules already initialized, skipping
Refreshing native plugins compatible for Editor in 0.37 ms, found 2 plugins.
Preloading 0 native plugins for Editor in 0.00 ms.
Unloading 1525 Unused Serialized files (Serialized files now loaded: 0)
System memory in use before: 71.6 MB.
System memory in use after: 71.7 MB.

Unloading 15 unused Assets to reduce memory usage. Loaded Objects now: 1976.
Total: 2.946100 ms (FindLiveObjects: 0.149400 ms CreateObjectMapping: 0.055700 ms MarkObjects: 2.684300 ms  DeleteObjects: 0.055600 ms)

AssetImportParameters requested are different than current active one (requested -> active):
  custom:framework-win-MediaFoundation: 216162199b28c13a410421893ffa2e32 -> 
  custom:video-decoder-ogg-theora: a1e56fd34408186e4bbccfd4996cb3dc -> 
  custom:container-muxer-webm: aa71ff27fc2769a1b78a27578f13a17b -> 
  custom:container-demuxer-webm: 4f35f7cbe854078d1ac9338744f61a02 -> 
  custom:container-demuxer-ogg: 62fdf1f143b41e24485cea50d1cbac27 -> 
  custom:video-encoder-webm-vp8: eb34c28f22e8b96e1ab97ce403110664 -> 
  custom:video-codec-MediaFoundation-h265: 746d11721c4dcdbdad8f713fa42b33f4 -> 
  custom:video-decoder-webm-vp8: 9c59270c3fd7afecdb556c50c9e8de78 -> 
  custom:audio-decoder-ogg-vorbis: bf7c407c2cedff20999df2af8eb42d56 -> 
  custom:audio-encoder-webm-vorbis: bf7c407c2cedff20999df2af8eb42d56 -> 
========================================================================
Received Import Request.
  Time since last request: 1589.679825 seconds.
  path: Assets/Editor Default Resources/RequirementsManager
  artifactKey: Guid(f2ed6c6f4fbf8b04b9ef7568286bacca) Importer(815301076,1909f56bfc062723c751e8b465ee728b)
Start importing Assets/Editor Default Resources/RequirementsManager using Guid(f2ed6c6f4fbf8b04b9ef7568286bacca) Importer(815301076,1909f56bfc062723c751e8b465ee728b)  -> (artifact id: '8b3468ef6b265b54230882c6a973940d') in 0.010352 seconds 
  Import took 0.013959 seconds .

========================================================================
Received Import Request.
  Time since last request: 0.001418 seconds.
  path: Assets/Editor Default Resources/RequirementsManager
  artifactKey: Guid(f2ed6c6f4fbf8b04b9ef7568286bacca) Importer(815301076,1909f56bfc062723c751e8b465ee728b)
Start importing Assets/Editor Default Resources/RequirementsManager using Guid(f2ed6c6f4fbf8b04b9ef7568286bacca) Importer(815301076,1909f56bfc062723c751e8b465ee728b)  -> (artifact id: '8b3468ef6b265b54230882c6a973940d') in 0.002010 seconds 
  Import took 0.005220 seconds .

========================================================================
Received Import Request.
  Time since last request: 2.207973 seconds.
  path: Assets/Editor Default Resources/RequirementsManager/RequirementsManagerData.asset
  artifactKey: Guid(536309412c40ec746bd02b1cf1960bf5) Importer(815301076,1909f56bfc062723c751e8b465ee728b)
Start importing Assets/Editor Default Resources/RequirementsManager/RequirementsManagerData.asset using Guid(536309412c40ec746bd02b1cf1960bf5) Importer(815301076,1909f56bfc062723c751e8b465ee728b)  -> (artifact id: 'e10132938be9661d5ae9e2afdd93c493') in 0.017479 seconds 
  Import took 0.021009 seconds .

========================================================================
Received Import Request.
  Time since last request: 0.043479 seconds.
  path: Assets/Editor Default Resources/RequirementsManager/RequirementsManagerData.asset
  artifactKey: Guid(536309412c40ec746bd02b1cf1960bf5) Importer(815301076,1909f56bfc062723c751e8b465ee728b)
Start importing Assets/Editor Default Resources/RequirementsManager/RequirementsManagerData.asset using Guid(536309412c40ec746bd02b1cf1960bf5) Importer(815301076,1909f56bfc062723c751e8b465ee728b)  -> (artifact id: 'e10132938be9661d5ae9e2afdd93c493') in 0.003962 seconds 
  Import took 0.007083 seconds .

AssetImportWorkerClient::OnTransportError - code=2 error=End of file
